{
"contracts\\SaleManager.sol":{"l":{"53":1,"54":1,"58":4,"59":4,"63":4,"64":4,"68":10,"69":10,"70":10,"71":10,"75":3,"76":3,"77":3,"78":3,"79":3,"80":3,"84":1,"85":1,"86":1,"87":1,"88":1,"92":0,"93":0,"94":0,"95":0,"96":0,"98":0,"102":3,"103":3,"104":3,"106":3,"108":3,"109":2,"110":2,"112":1,"115":3,"116":3,"117":3,"118":3,"122":0,"123":0,"128":1,"129":1,"130":1,"134":0,"135":0,"136":0,"140":1,"141":1,"143":1,"144":0,"147":1,"148":1,"149":1,"150":1,"154":4,"155":4,"156":4,"158":4,"159":4,"162":4,"163":4,"164":4,"165":4,"167":4,"168":2,"171":4,"173":4,"177":2,"178":2,"179":2,"180":2,"181":2,"183":2,"185":2,"186":2,"188":2,"189":2,"190":2,"192":2,"194":2,"195":2,"199":0,"200":0,"204":16,"205":16,"206":0,"207":0,"211":10,"213":10,"217":6,"219":6,"220":0,"222":6,"227":0,"228":0,"229":0,"233":4,"234":4,"238":4,"239":4,"240":4,"244":4,"245":4,"246":4,"247":4,"251":7,"252":7,"253":7,"255":7,"256":0,"258":7,"263":0,"264":0,"265":0,"267":0,"271":1,"272":1,"273":1,"275":1},"path":"F:\\Works\\Gigaland\\src\\smart_contract\\contracts\\SaleManager.sol","s":{"1":1,"2":4,"3":4,"4":10,"5":10,"6":10,"7":3,"8":3,"9":3,"10":3,"11":3,"12":3,"13":1,"14":1,"15":1,"16":1,"17":1,"18":0,"19":0,"20":0,"21":0,"22":0,"23":0,"24":3,"25":3,"26":3,"27":3,"28":3,"29":2,"30":2,"31":1,"32":3,"33":3,"34":3,"35":0,"36":0,"37":1,"38":1,"39":1,"40":0,"41":0,"42":0,"43":1,"44":1,"45":1,"46":0,"47":1,"48":1,"49":1,"50":1,"51":4,"52":4,"53":4,"54":4,"55":4,"56":4,"57":4,"58":4,"59":4,"60":4,"61":2,"62":4,"63":4,"64":2,"65":2,"66":2,"67":2,"68":2,"69":2,"70":2,"71":2,"72":2,"73":2,"74":2,"75":2,"76":2,"77":2,"78":0,"79":0,"80":16,"81":0,"82":16,"83":16,"84":0,"85":0,"86":0,"87":10,"88":10,"89":6,"90":6,"91":0,"92":6,"93":0,"94":0,"95":0,"96":4,"97":4,"98":4,"99":4,"100":4,"101":4,"102":4,"103":4,"104":4,"105":7,"106":7,"107":7,"108":7,"109":0,"110":7,"111":0,"112":0,"113":0,"114":0,"115":1,"116":1,"117":1,"118":1},"b":{"1":[1,0],"2":[4,0],"3":[4,0],"4":[10,0],"5":[1,0],"6":[0,0],"7":[3,0],"8":[3,0],"9":[3,0],"10":[2,1],"11":[1,0],"12":[1,0],"13":[0,1],"14":[4,0],"15":[4,0],"16":[4,0],"17":[4,0],"18":[2,2],"19":[2,0],"20":[2,0],"21":[0,0],"22":[0,16],"23":[16,0],"24":[0,0],"25":[10,0],"26":[6,0],"27":[0,6],"28":[0,0],"29":[4,0],"30":[4,0],"31":[4,0],"32":[4,0],"33":[4,0],"34":[4,0],"35":[7,0],"36":[7,0],"37":[7,0],"38":[0,7],"39":[0,0],"40":[0,0],"41":[0,0],"42":[1,0],"43":[1,0]},"f":{"1":1,"2":4,"3":4,"4":10,"5":3,"6":1,"7":0,"8":3,"9":0,"10":1,"11":0,"12":1,"13":4,"14":2,"15":0,"16":16,"17":10,"18":6,"19":0,"20":4,"21":4,"22":4,"23":7,"24":0,"25":1,"26":0},"fnMap":{"1":{"name":"onlyAdmin","line":52,"loc":{"start":{"line":52,"column":4},"end":{"line":55,"column":4}}},"2":{"name":"onlyReseller","line":57,"loc":{"start":{"line":57,"column":4},"end":{"line":60,"column":4}}},"3":{"name":"notOnlyNFTOwner","line":62,"loc":{"start":{"line":62,"column":4},"end":{"line":65,"column":4}}},"4":{"name":"nonReentrant","line":67,"loc":{"start":{"line":67,"column":4},"end":{"line":72,"column":4}}},"5":{"name":"constructor","line":74,"loc":{"start":{"line":74,"column":4},"end":{"line":81,"column":4}}},"6":{"name":"mintSingleNFT","line":83,"loc":{"start":{"line":83,"column":4},"end":{"line":89,"column":4}}},"7":{"name":"mintMultipleNFT","line":91,"loc":{"start":{"line":91,"column":4},"end":{"line":99,"column":4}}},"8":{"name":"createSale","line":101,"loc":{"start":{"line":101,"column":4},"end":{"line":119,"column":4}}},"9":{"name":"createBatchSale","line":121,"loc":{"start":{"line":121,"column":4},"end":{"line":125,"column":4}}},"10":{"name":"singleMintOnSale","line":127,"loc":{"start":{"line":127,"column":4},"end":{"line":131,"column":4}}},"11":{"name":"batchMintOnSale","line":133,"loc":{"start":{"line":133,"column":4},"end":{"line":137,"column":4}}},"12":{"name":"destroySale","line":139,"loc":{"start":{"line":139,"column":4},"end":{"line":151,"column":4}}},"13":{"name":"placeBid","line":153,"loc":{"start":{"line":153,"column":4},"end":{"line":174,"column":4}}},"14":{"name":"performBid","line":176,"loc":{"start":{"line":176,"column":4},"end":{"line":196,"column":4}}},"15":{"name":"getAuthentication","line":198,"loc":{"start":{"line":198,"column":4},"end":{"line":201,"column":4}}},"16":{"name":"getAuctionState","line":203,"loc":{"start":{"line":203,"column":4},"end":{"line":208,"column":4}}},"17":{"name":"getSaleInfo","line":210,"loc":{"start":{"line":210,"column":4},"end":{"line":214,"column":4}}},"18":{"name":"getWithdrawBalance","line":216,"loc":{"start":{"line":216,"column":4},"end":{"line":224,"column":4}}},"19":{"name":"setOwner","line":226,"loc":{"start":{"line":226,"column":4},"end":{"line":230,"column":4}}},"20":{"name":"setAuthentication","line":232,"loc":{"start":{"line":232,"column":4},"end":{"line":235,"column":4}}},"21":{"name":"setMintingFee","line":237,"loc":{"start":{"line":237,"column":4},"end":{"line":241,"column":4}}},"22":{"name":"setSellingFee","line":243,"loc":{"start":{"line":243,"column":4},"end":{"line":248,"column":4}}},"23":{"name":"customizedTransfer","line":250,"loc":{"start":{"line":250,"column":4},"end":{"line":260,"column":4}}},"24":{"name":"withDraw","line":262,"loc":{"start":{"line":262,"column":4},"end":{"line":268,"column":4}}},"25":{"name":"withDrawAll","line":270,"loc":{"start":{"line":270,"column":4},"end":{"line":276,"column":4}}},"26":{"name":null,"line":282,"loc":{"start":{"line":282,"column":4},"end":{"line":284,"column":4}}}},"statementMap":{"1":{"start":{"line":53,"column":8},"end":{"line":53,"column":99}},"2":{"start":{"line":58,"column":8},"end":{"line":58,"column":141}},"3":{"start":{"line":63,"column":8},"end":{"line":63,"column":106}},"4":{"start":{"line":68,"column":8},"end":{"line":68,"column":66}},"5":{"start":{"line":69,"column":8},"end":{"line":69,"column":21}},"6":{"start":{"line":71,"column":8},"end":{"line":71,"column":22}},"7":{"start":{"line":75,"column":8},"end":{"line":75,"column":27}},"8":{"start":{"line":76,"column":8},"end":{"line":76,"column":33}},"9":{"start":{"line":77,"column":8},"end":{"line":77,"column":37}},"10":{"start":{"line":78,"column":8},"end":{"line":78,"column":25}},"11":{"start":{"line":79,"column":8},"end":{"line":79,"column":22}},"12":{"start":{"line":80,"column":8},"end":{"line":80,"column":25}},"13":{"start":{"line":84,"column":8},"end":{"line":84,"column":76}},"14":{"start":{"line":85,"column":8},"end":{"line":85,"column":39}},"15":{"start":{"line":86,"column":8},"end":{"line":86,"column":32}},"16":{"start":{"line":87,"column":8},"end":{"line":87,"column":42}},"17":{"start":{"line":88,"column":8},"end":{"line":88,"column":24}},"18":{"start":{"line":92,"column":8},"end":{"line":92,"column":2624}},"19":{"start":{"line":93,"column":12},"end":{"line":93,"column":84}},"20":{"start":{"line":94,"column":12},"end":{"line":94,"column":43}},"21":{"start":{"line":95,"column":12},"end":{"line":95,"column":40}},"22":{"start":{"line":96,"column":12},"end":{"line":96,"column":50}},"23":{"start":{"line":98,"column":8},"end":{"line":98,"column":24}},"24":{"start":{"line":102,"column":8},"end":{"line":102,"column":62}},"25":{"start":{"line":103,"column":8},"end":{"line":103,"column":58}},"26":{"start":{"line":104,"column":8},"end":{"line":104,"column":79}},"27":{"start":{"line":106,"column":8},"end":{"line":106,"column":32}},"28":{"start":{"line":108,"column":8},"end":{"line":108,"column":3380}},"29":{"start":{"line":109,"column":12},"end":{"line":109,"column":66}},"30":{"start":{"line":110,"column":12},"end":{"line":110,"column":195}},"31":{"start":{"line":112,"column":12},"end":{"line":112,"column":161}},"32":{"start":{"line":115,"column":8},"end":{"line":115,"column":46}},"33":{"start":{"line":116,"column":8},"end":{"line":116,"column":46}},"34":{"start":{"line":118,"column":8},"end":{"line":118,"column":19}},"35":{"start":{"line":122,"column":8},"end":{"line":122,"column":4161}},"36":{"start":{"line":123,"column":12},"end":{"line":123,"column":70}},"37":{"start":{"line":128,"column":8},"end":{"line":128,"column":32}},"38":{"start":{"line":129,"column":8},"end":{"line":129,"column":70}},"39":{"start":{"line":130,"column":8},"end":{"line":130,"column":25}},"40":{"start":{"line":134,"column":8},"end":{"line":134,"column":35}},"41":{"start":{"line":135,"column":8},"end":{"line":135,"column":65}},"42":{"start":{"line":136,"column":8},"end":{"line":136,"column":25}},"43":{"start":{"line":140,"column":8},"end":{"line":140,"column":79}},"44":{"start":{"line":141,"column":8},"end":{"line":141,"column":110}},"45":{"start":{"line":143,"column":8},"end":{"line":143,"column":5198}},"46":{"start":{"line":144,"column":12},"end":{"line":144,"column":180}},"47":{"start":{"line":147,"column":8},"end":{"line":147,"column":101}},"48":{"start":{"line":148,"column":8},"end":{"line":148,"column":61}},"49":{"start":{"line":149,"column":8},"end":{"line":149,"column":36}},"50":{"start":{"line":150,"column":8},"end":{"line":150,"column":19}},"51":{"start":{"line":154,"column":8},"end":{"line":154,"column":79}},"52":{"start":{"line":155,"column":8},"end":{"line":155,"column":154}},"53":{"start":{"line":156,"column":8},"end":{"line":156,"column":108}},"54":{"start":{"line":158,"column":8},"end":{"line":158,"column":6179}},"55":{"start":{"line":159,"column":12},"end":{"line":159,"column":70}},"56":{"start":{"line":162,"column":8},"end":{"line":162,"column":83}},"57":{"start":{"line":163,"column":8},"end":{"line":163,"column":76}},"58":{"start":{"line":164,"column":8},"end":{"line":164,"column":62}},"59":{"start":{"line":165,"column":8},"end":{"line":165,"column":66}},"60":{"start":{"line":167,"column":8},"end":{"line":167,"column":6637}},"61":{"start":{"line":168,"column":12},"end":{"line":168,"column":123}},"62":{"start":{"line":171,"column":8},"end":{"line":171,"column":44}},"63":{"start":{"line":173,"column":8},"end":{"line":173,"column":19}},"64":{"start":{"line":177,"column":8},"end":{"line":177,"column":79}},"65":{"start":{"line":178,"column":8},"end":{"line":178,"column":210}},"66":{"start":{"line":179,"column":8},"end":{"line":179,"column":71}},"67":{"start":{"line":180,"column":8},"end":{"line":180,"column":77}},"68":{"start":{"line":181,"column":8},"end":{"line":181,"column":122}},"69":{"start":{"line":183,"column":8},"end":{"line":183,"column":70}},"70":{"start":{"line":185,"column":8},"end":{"line":185,"column":88}},"71":{"start":{"line":186,"column":8},"end":{"line":186,"column":89}},"72":{"start":{"line":188,"column":8},"end":{"line":188,"column":49}},"73":{"start":{"line":189,"column":8},"end":{"line":189,"column":44}},"74":{"start":{"line":190,"column":8},"end":{"line":190,"column":33}},"75":{"start":{"line":192,"column":8},"end":{"line":192,"column":54}},"76":{"start":{"line":194,"column":8},"end":{"line":194,"column":72}},"77":{"start":{"line":195,"column":8},"end":{"line":195,"column":19}},"78":{"start":{"line":199,"column":8},"end":{"line":199,"column":63}},"79":{"start":{"line":200,"column":8},"end":{"line":200,"column":32}},"80":{"start":{"line":204,"column":8},"end":{"line":204,"column":90}},"81":{"start":{"line":204,"column":61},"end":{"line":204,"column":90}},"82":{"start":{"line":205,"column":8},"end":{"line":205,"column":94}},"83":{"start":{"line":205,"column":64},"end":{"line":205,"column":94}},"84":{"start":{"line":206,"column":8},"end":{"line":206,"column":152}},"85":{"start":{"line":206,"column":127},"end":{"line":206,"column":152}},"86":{"start":{"line":207,"column":8},"end":{"line":207,"column":32}},"87":{"start":{"line":211,"column":8},"end":{"line":211,"column":79}},"88":{"start":{"line":213,"column":8},"end":{"line":213,"column":51}},"89":{"start":{"line":217,"column":8},"end":{"line":217,"column":55}},"90":{"start":{"line":219,"column":8},"end":{"line":219,"column":9195}},"91":{"start":{"line":220,"column":10},"end":{"line":220,"column":38}},"92":{"start":{"line":222,"column":10},"end":{"line":222,"column":50}},"93":{"start":{"line":227,"column":8},"end":{"line":227,"column":67}},"94":{"start":{"line":228,"column":8},"end":{"line":228,"column":26}},"95":{"start":{"line":229,"column":8},"end":{"line":229,"column":33}},"96":{"start":{"line":233,"column":8},"end":{"line":233,"column":63}},"97":{"start":{"line":234,"column":8},"end":{"line":234,"column":32}},"98":{"start":{"line":238,"column":8},"end":{"line":238,"column":66}},"99":{"start":{"line":239,"column":8},"end":{"line":239,"column":48}},"100":{"start":{"line":240,"column":8},"end":{"line":240,"column":39}},"101":{"start":{"line":244,"column":8},"end":{"line":244,"column":65}},"102":{"start":{"line":245,"column":8},"end":{"line":245,"column":46}},"103":{"start":{"line":246,"column":8},"end":{"line":246,"column":47}},"104":{"start":{"line":247,"column":8},"end":{"line":247,"column":38}},"105":{"start":{"line":251,"column":8},"end":{"line":251,"column":55}},"106":{"start":{"line":252,"column":8},"end":{"line":252,"column":62}},"107":{"start":{"line":253,"column":8},"end":{"line":253,"column":55}},"108":{"start":{"line":255,"column":8},"end":{"line":255,"column":10614}},"109":{"start":{"line":256,"column":10},"end":{"line":256,"column":30}},"110":{"start":{"line":258,"column":10},"end":{"line":258,"column":40}},"111":{"start":{"line":263,"column":8},"end":{"line":263,"column":57}},"112":{"start":{"line":264,"column":8},"end":{"line":264,"column":55}},"113":{"start":{"line":265,"column":8},"end":{"line":265,"column":79}},"114":{"start":{"line":267,"column":8},"end":{"line":267,"column":62}},"115":{"start":{"line":271,"column":8},"end":{"line":271,"column":55}},"116":{"start":{"line":272,"column":8},"end":{"line":272,"column":53}},"117":{"start":{"line":273,"column":8},"end":{"line":273,"column":57}},"118":{"start":{"line":275,"column":8},"end":{"line":275,"column":64}}},"branchMap":{"1":{"line":53,"type":"if","locations":[{"start":{"line":53,"column":8},"end":{"line":53,"column":8}},{"start":{"line":53,"column":8},"end":{"line":53,"column":8}}]},"2":{"line":58,"type":"if","locations":[{"start":{"line":58,"column":8},"end":{"line":58,"column":8}},{"start":{"line":58,"column":8},"end":{"line":58,"column":8}}]},"3":{"line":63,"type":"if","locations":[{"start":{"line":63,"column":8},"end":{"line":63,"column":8}},{"start":{"line":63,"column":8},"end":{"line":63,"column":8}}]},"4":{"line":68,"type":"if","locations":[{"start":{"line":68,"column":8},"end":{"line":68,"column":8}},{"start":{"line":68,"column":8},"end":{"line":68,"column":8}}]},"5":{"line":84,"type":"if","locations":[{"start":{"line":84,"column":8},"end":{"line":84,"column":8}},{"start":{"line":84,"column":8},"end":{"line":84,"column":8}}]},"6":{"line":93,"type":"if","locations":[{"start":{"line":93,"column":12},"end":{"line":93,"column":12}},{"start":{"line":93,"column":12},"end":{"line":93,"column":12}}]},"7":{"line":102,"type":"if","locations":[{"start":{"line":102,"column":8},"end":{"line":102,"column":8}},{"start":{"line":102,"column":8},"end":{"line":102,"column":8}}]},"8":{"line":103,"type":"if","locations":[{"start":{"line":103,"column":8},"end":{"line":103,"column":8}},{"start":{"line":103,"column":8},"end":{"line":103,"column":8}}]},"9":{"line":104,"type":"if","locations":[{"start":{"line":104,"column":8},"end":{"line":104,"column":8}},{"start":{"line":104,"column":8},"end":{"line":104,"column":8}}]},"10":{"line":108,"type":"if","locations":[{"start":{"line":108,"column":8},"end":{"line":108,"column":8}},{"start":{"line":108,"column":8},"end":{"line":108,"column":8}}]},"11":{"line":140,"type":"if","locations":[{"start":{"line":140,"column":8},"end":{"line":140,"column":8}},{"start":{"line":140,"column":8},"end":{"line":140,"column":8}}]},"12":{"line":141,"type":"if","locations":[{"start":{"line":141,"column":8},"end":{"line":141,"column":8}},{"start":{"line":141,"column":8},"end":{"line":141,"column":8}}]},"13":{"line":143,"type":"if","locations":[{"start":{"line":143,"column":8},"end":{"line":143,"column":8}},{"start":{"line":143,"column":8},"end":{"line":143,"column":8}}]},"14":{"line":154,"type":"if","locations":[{"start":{"line":154,"column":8},"end":{"line":154,"column":8}},{"start":{"line":154,"column":8},"end":{"line":154,"column":8}}]},"15":{"line":155,"type":"if","locations":[{"start":{"line":155,"column":8},"end":{"line":155,"column":8}},{"start":{"line":155,"column":8},"end":{"line":155,"column":8}}]},"16":{"line":156,"type":"if","locations":[{"start":{"line":156,"column":8},"end":{"line":156,"column":8}},{"start":{"line":156,"column":8},"end":{"line":156,"column":8}}]},"17":{"line":158,"type":"if","locations":[{"start":{"line":158,"column":8},"end":{"line":158,"column":8}},{"start":{"line":158,"column":8},"end":{"line":158,"column":8}}]},"18":{"line":167,"type":"if","locations":[{"start":{"line":167,"column":8},"end":{"line":167,"column":8}},{"start":{"line":167,"column":8},"end":{"line":167,"column":8}}]},"19":{"line":177,"type":"if","locations":[{"start":{"line":177,"column":8},"end":{"line":177,"column":8}},{"start":{"line":177,"column":8},"end":{"line":177,"column":8}}]},"20":{"line":178,"type":"if","locations":[{"start":{"line":178,"column":8},"end":{"line":178,"column":8}},{"start":{"line":178,"column":8},"end":{"line":178,"column":8}}]},"21":{"line":199,"type":"if","locations":[{"start":{"line":199,"column":8},"end":{"line":199,"column":8}},{"start":{"line":199,"column":8},"end":{"line":199,"column":8}}]},"22":{"line":204,"type":"if","locations":[{"start":{"line":204,"column":8},"end":{"line":204,"column":8}},{"start":{"line":204,"column":8},"end":{"line":204,"column":8}}]},"23":{"line":205,"type":"if","locations":[{"start":{"line":205,"column":8},"end":{"line":205,"column":8}},{"start":{"line":205,"column":8},"end":{"line":205,"column":8}}]},"24":{"line":206,"type":"if","locations":[{"start":{"line":206,"column":8},"end":{"line":206,"column":8}},{"start":{"line":206,"column":8},"end":{"line":206,"column":8}}]},"25":{"line":211,"type":"if","locations":[{"start":{"line":211,"column":8},"end":{"line":211,"column":8}},{"start":{"line":211,"column":8},"end":{"line":211,"column":8}}]},"26":{"line":217,"type":"if","locations":[{"start":{"line":217,"column":8},"end":{"line":217,"column":8}},{"start":{"line":217,"column":8},"end":{"line":217,"column":8}}]},"27":{"line":219,"type":"if","locations":[{"start":{"line":219,"column":8},"end":{"line":219,"column":8}},{"start":{"line":219,"column":8},"end":{"line":219,"column":8}}]},"28":{"line":227,"type":"if","locations":[{"start":{"line":227,"column":8},"end":{"line":227,"column":8}},{"start":{"line":227,"column":8},"end":{"line":227,"column":8}}]},"29":{"line":233,"type":"if","locations":[{"start":{"line":233,"column":8},"end":{"line":233,"column":8}},{"start":{"line":233,"column":8},"end":{"line":233,"column":8}}]},"30":{"line":238,"type":"if","locations":[{"start":{"line":238,"column":8},"end":{"line":238,"column":8}},{"start":{"line":238,"column":8},"end":{"line":238,"column":8}}]},"31":{"line":239,"type":"if","locations":[{"start":{"line":239,"column":8},"end":{"line":239,"column":8}},{"start":{"line":239,"column":8},"end":{"line":239,"column":8}}]},"32":{"line":244,"type":"if","locations":[{"start":{"line":244,"column":8},"end":{"line":244,"column":8}},{"start":{"line":244,"column":8},"end":{"line":244,"column":8}}]},"33":{"line":245,"type":"if","locations":[{"start":{"line":245,"column":8},"end":{"line":245,"column":8}},{"start":{"line":245,"column":8},"end":{"line":245,"column":8}}]},"34":{"line":246,"type":"if","locations":[{"start":{"line":246,"column":8},"end":{"line":246,"column":8}},{"start":{"line":246,"column":8},"end":{"line":246,"column":8}}]},"35":{"line":251,"type":"if","locations":[{"start":{"line":251,"column":8},"end":{"line":251,"column":8}},{"start":{"line":251,"column":8},"end":{"line":251,"column":8}}]},"36":{"line":252,"type":"if","locations":[{"start":{"line":252,"column":8},"end":{"line":252,"column":8}},{"start":{"line":252,"column":8},"end":{"line":252,"column":8}}]},"37":{"line":253,"type":"if","locations":[{"start":{"line":253,"column":8},"end":{"line":253,"column":8}},{"start":{"line":253,"column":8},"end":{"line":253,"column":8}}]},"38":{"line":255,"type":"if","locations":[{"start":{"line":255,"column":8},"end":{"line":255,"column":8}},{"start":{"line":255,"column":8},"end":{"line":255,"column":8}}]},"39":{"line":263,"type":"if","locations":[{"start":{"line":263,"column":8},"end":{"line":263,"column":8}},{"start":{"line":263,"column":8},"end":{"line":263,"column":8}}]},"40":{"line":264,"type":"if","locations":[{"start":{"line":264,"column":8},"end":{"line":264,"column":8}},{"start":{"line":264,"column":8},"end":{"line":264,"column":8}}]},"41":{"line":265,"type":"if","locations":[{"start":{"line":265,"column":8},"end":{"line":265,"column":8}},{"start":{"line":265,"column":8},"end":{"line":265,"column":8}}]},"42":{"line":271,"type":"if","locations":[{"start":{"line":271,"column":8},"end":{"line":271,"column":8}},{"start":{"line":271,"column":8},"end":{"line":271,"column":8}}]},"43":{"line":273,"type":"if","locations":[{"start":{"line":273,"column":8},"end":{"line":273,"column":8}},{"start":{"line":273,"column":8},"end":{"line":273,"column":8}}]}}},
"contracts\\SPCToken.sol":{"l":{"12":5},"path":"F:\\Works\\Gigaland\\src\\smart_contract\\contracts\\SPCToken.sol","s":{"1":5},"b":{},"f":{"1":3,"2":5},"fnMap":{"1":{"name":"constructor","line":7,"loc":{"start":{"line":7,"column":4},"end":{"line":9,"column":4}}},"2":{"name":"mintToken","line":11,"loc":{"start":{"line":11,"column":4},"end":{"line":13,"column":4}}}},"statementMap":{"1":{"start":{"line":12,"column":8},"end":{"line":12,"column":26}}},"branchMap":{}},
"contracts\\SpectraNFT.sol":{"l":{"14":3,"19":1,"20":1,"21":1,"22":1,"23":1,"27":5,"31":0,"32":0,"36":1},"path":"F:\\Works\\Gigaland\\src\\smart_contract\\contracts\\SpectraNFT.sol","s":{"1":3,"2":1,"3":1,"4":1,"5":1,"6":5,"7":0,"8":0,"9":1},"b":{},"f":{"1":3,"2":1,"3":5,"4":0,"5":1},"fnMap":{"1":{"name":"constructor","line":13,"loc":{"start":{"line":13,"column":4},"end":{"line":15,"column":4}}},"2":{"name":"mintNFT","line":17,"loc":{"start":{"line":17,"column":4},"end":{"line":24,"column":4}}},"3":{"name":"tranferNFT","line":26,"loc":{"start":{"line":26,"column":4},"end":{"line":28,"column":4}}},"4":{"name":"tokenURI","line":30,"loc":{"start":{"line":30,"column":4},"end":{"line":33,"column":4}}},"5":{"name":"_setTokenUri","line":35,"loc":{"start":{"line":35,"column":4},"end":{"line":37,"column":4}}}},"statementMap":{"1":{"start":{"line":14,"column":8},"end":{"line":14,"column":24}},"2":{"start":{"line":19,"column":8},"end":{"line":19,"column":39}},"3":{"start":{"line":20,"column":8},"end":{"line":20,"column":44}},"4":{"start":{"line":21,"column":8},"end":{"line":21,"column":46}},"5":{"start":{"line":23,"column":8},"end":{"line":23,"column":28}},"6":{"start":{"line":27,"column":8},"end":{"line":27,"column":54}},"7":{"start":{"line":31,"column":8},"end":{"line":31,"column":31}},"8":{"start":{"line":32,"column":8},"end":{"line":32,"column":35}},"9":{"start":{"line":36,"column":8},"end":{"line":36,"column":34}}},"branchMap":{}}}
