TN:
SF:F:\Works\Gigaland\src\smart_contract\contracts\SaleManager.sol
FN:52,onlyAdmin
FN:57,onlyReseller
FN:62,notOnlyNFTOwner
FN:67,nonReentrant
FN:74,constructor
FN:83,mintSingleNFT
FN:91,mintMultipleNFT
FN:101,createSale
FN:121,createBatchSale
FN:127,singleMintOnSale
FN:133,batchMintOnSale
FN:139,destroySale
FN:153,placeBid
FN:176,performBid
FN:198,getAuthentication
FN:203,getAuctionState
FN:210,getSaleInfo
FN:216,getWithdrawBalance
FN:226,setOwner
FN:232,setAuthentication
FN:237,setMintingFee
FN:243,setSellingFee
FN:250,customizedTransfer
FN:262,withDraw
FN:270,withDrawAll
FN:282,
FNF:26
FNH:19
FNDA:1,onlyAdmin
FNDA:4,onlyReseller
FNDA:4,notOnlyNFTOwner
FNDA:10,nonReentrant
FNDA:3,constructor
FNDA:1,mintSingleNFT
FNDA:0,mintMultipleNFT
FNDA:3,createSale
FNDA:0,createBatchSale
FNDA:1,singleMintOnSale
FNDA:0,batchMintOnSale
FNDA:1,destroySale
FNDA:4,placeBid
FNDA:2,performBid
FNDA:0,getAuthentication
FNDA:16,getAuctionState
FNDA:10,getSaleInfo
FNDA:6,getWithdrawBalance
FNDA:0,setOwner
FNDA:4,setAuthentication
FNDA:4,setMintingFee
FNDA:4,setSellingFee
FNDA:7,customizedTransfer
FNDA:0,withDraw
FNDA:1,withDrawAll
FNDA:0,
DA:53,1
DA:54,1
DA:58,4
DA:59,4
DA:63,4
DA:64,4
DA:68,10
DA:69,10
DA:70,10
DA:71,10
DA:75,3
DA:76,3
DA:77,3
DA:78,3
DA:79,3
DA:80,3
DA:84,1
DA:85,1
DA:86,1
DA:87,1
DA:88,1
DA:92,0
DA:93,0
DA:94,0
DA:95,0
DA:96,0
DA:98,0
DA:102,3
DA:103,3
DA:104,3
DA:106,3
DA:108,3
DA:109,2
DA:110,2
DA:112,1
DA:115,3
DA:116,3
DA:117,3
DA:118,3
DA:122,0
DA:123,0
DA:128,1
DA:129,1
DA:130,1
DA:134,0
DA:135,0
DA:136,0
DA:140,1
DA:141,1
DA:143,1
DA:144,0
DA:147,1
DA:148,1
DA:149,1
DA:150,1
DA:154,4
DA:155,4
DA:156,4
DA:158,4
DA:159,4
DA:162,4
DA:163,4
DA:164,4
DA:165,4
DA:167,4
DA:168,2
DA:171,4
DA:173,4
DA:177,2
DA:178,2
DA:179,2
DA:180,2
DA:181,2
DA:183,2
DA:185,2
DA:186,2
DA:188,2
DA:189,2
DA:190,2
DA:192,2
DA:194,2
DA:195,2
DA:199,0
DA:200,0
DA:204,16
DA:205,16
DA:206,0
DA:207,0
DA:211,10
DA:213,10
DA:217,6
DA:219,6
DA:220,0
DA:222,6
DA:227,0
DA:228,0
DA:229,0
DA:233,4
DA:234,4
DA:238,4
DA:239,4
DA:240,4
DA:244,4
DA:245,4
DA:246,4
DA:247,4
DA:251,7
DA:252,7
DA:253,7
DA:255,7
DA:256,0
DA:258,7
DA:263,0
DA:264,0
DA:265,0
DA:267,0
DA:271,1
DA:272,1
DA:273,1
DA:275,1
LF:120
LH:95
BRDA:53,1,0,1
BRDA:53,1,1,0
BRDA:58,2,0,4
BRDA:58,2,1,0
BRDA:63,3,0,4
BRDA:63,3,1,0
BRDA:68,4,0,10
BRDA:68,4,1,0
BRDA:84,5,0,1
BRDA:84,5,1,0
BRDA:93,6,0,0
BRDA:93,6,1,0
BRDA:102,7,0,3
BRDA:102,7,1,0
BRDA:103,8,0,3
BRDA:103,8,1,0
BRDA:104,9,0,3
BRDA:104,9,1,0
BRDA:108,10,0,2
BRDA:108,10,1,1
BRDA:140,11,0,1
BRDA:140,11,1,0
BRDA:141,12,0,1
BRDA:141,12,1,0
BRDA:143,13,0,0
BRDA:143,13,1,1
BRDA:154,14,0,4
BRDA:154,14,1,0
BRDA:155,15,0,4
BRDA:155,15,1,0
BRDA:156,16,0,4
BRDA:156,16,1,0
BRDA:158,17,0,4
BRDA:158,17,1,0
BRDA:167,18,0,2
BRDA:167,18,1,2
BRDA:177,19,0,2
BRDA:177,19,1,0
BRDA:178,20,0,2
BRDA:178,20,1,0
BRDA:199,21,0,0
BRDA:199,21,1,0
BRDA:204,22,0,0
BRDA:204,22,1,16
BRDA:205,23,0,16
BRDA:205,23,1,0
BRDA:206,24,0,0
BRDA:206,24,1,0
BRDA:211,25,0,10
BRDA:211,25,1,0
BRDA:217,26,0,6
BRDA:217,26,1,0
BRDA:219,27,0,0
BRDA:219,27,1,6
BRDA:227,28,0,0
BRDA:227,28,1,0
BRDA:233,29,0,4
BRDA:233,29,1,0
BRDA:238,30,0,4
BRDA:238,30,1,0
BRDA:239,31,0,4
BRDA:239,31,1,0
BRDA:244,32,0,4
BRDA:244,32,1,0
BRDA:245,33,0,4
BRDA:245,33,1,0
BRDA:246,34,0,4
BRDA:246,34,1,0
BRDA:251,35,0,7
BRDA:251,35,1,0
BRDA:252,36,0,7
BRDA:252,36,1,0
BRDA:253,37,0,7
BRDA:253,37,1,0
BRDA:255,38,0,0
BRDA:255,38,1,7
BRDA:263,39,0,0
BRDA:263,39,1,0
BRDA:264,40,0,0
BRDA:264,40,1,0
BRDA:265,41,0,0
BRDA:265,41,1,0
BRDA:271,42,0,1
BRDA:271,42,1,0
BRDA:273,43,0,1
BRDA:273,43,1,0
BRF:86
BRH:38
end_of_record
TN:
SF:F:\Works\Gigaland\src\smart_contract\contracts\SPCToken.sol
FN:7,constructor
FN:11,mintToken
FNF:2
FNH:2
FNDA:3,constructor
FNDA:5,mintToken
DA:12,5
LF:1
LH:1
BRF:0
BRH:0
end_of_record
TN:
SF:F:\Works\Gigaland\src\smart_contract\contracts\SpectraNFT.sol
FN:13,constructor
FN:17,mintNFT
FN:26,tranferNFT
FN:30,tokenURI
FN:35,_setTokenUri
FNF:5
FNH:4
FNDA:3,constructor
FNDA:1,mintNFT
FNDA:5,tranferNFT
FNDA:0,tokenURI
FNDA:1,_setTokenUri
DA:14,3
DA:19,1
DA:20,1
DA:21,1
DA:22,1
DA:23,1
DA:27,5
DA:31,0
DA:32,0
DA:36,1
LF:10
LH:8
BRF:0
BRH:0
end_of_record
